# JRE version: OpenJDK Runtime Environment (8.0_212-b04) (build 1.8.0_212-release-1586-b04)
# Java VM: OpenJDK 64-Bit Server VM (25.212-b04 mixed mode windows-amd64 compressed oops)
Heap:
 PSYoungGen      total 137728K, used 67567K [0x00000000e0000000, 0x00000000ebc80000, 0x0000000100000000)
  eden space 125952K, 44% used [0x00000000e0000000,0x00000000e3683660,0x00000000e7b00000)
  from space 11776K, 99% used [0x00000000e7b00000,0x00000000e8678818,0x00000000e8680000)
  to   space 14336K, 0% used [0x00000000eae80000,0x00000000eae80000,0x00000000ebc80000)
 ParOldGen       total 79360K, used 21871K [0x00000000a0000000, 0x00000000a4d80000, 0x00000000e0000000)
  object space 79360K, 27% used [0x00000000a0000000,0x00000000a155bd28,0x00000000a4d80000)
 Metaspace       used 49409K, capacity 50910K, committed 51112K, reserved 1093632K
  class space    used 6643K, capacity 7025K, committed 7080K, reserved 1048576K
GC Heap History (10 events):
Event: 8.490 GC heap before
{Heap before GC invocations=9 (full 1):
 PSYoungGen      total 66560K, used 56320K [0x00000000e0000000, 0x00000000e8200000, 0x0000000100000000)
  eden space 56320K, 100% used [0x00000000e0000000,0x00000000e3700000,0x00000000e3700000)
  from space 10240K, 0% used [0x00000000e3700000,0x00000000e3700000,0x00000000e4100000)
  to   space 10240K, 0% used [0x00000000e7800000,0x00000000e7800000,0x00000000e8200000)
 ParOldGen       total 52224K, used 9537K [0x00000000a0000000, 0x00000000a3300000, 0x00000000e0000000)
  object space 52224K, 18% used [0x00000000a0000000,0x00000000a0950610,0x00000000a3300000)
 Metaspace       used 27653K, capacity 28178K, committed 28288K, reserved 1073152K
  class space    used 3756K, capacity 3944K, committed 3968K, reserved 1048576K
Event: 8.502 GC heap after
Heap after GC invocations=9 (full 1):
 PSYoungGen      total 99328K, used 6746K [0x00000000e0000000, 0x00000000e7f00000, 0x0000000100000000)
  eden space 92160K, 0% used [0x00000000e0000000,0x00000000e0000000,0x00000000e5a00000)
  from space 7168K, 94% used [0x00000000e7800000,0x00000000e7e96808,0x00000000e7f00000)
  to   space 10240K, 0% used [0x00000000e6b00000,0x00000000e6b00000,0x00000000e7500000)
 ParOldGen       total 52224K, used 9545K [0x00000000a0000000, 0x00000000a3300000, 0x00000000e0000000)
  object space 52224K, 18% used [0x00000000a0000000,0x00000000a0952610,0x00000000a3300000)
 Metaspace       used 27653K, capacity 28178K, committed 28288K, reserved 1073152K
  class space    used 3756K, capacity 3944K, committed 3968K, reserved 1048576K
}
Event: 10.957 GC heap before
{Heap before GC invocations=10 (full 1):
 PSYoungGen      total 99328K, used 98906K [0x00000000e0000000, 0x00000000e7f00000, 0x0000000100000000)
  eden space 92160K, 100% used [0x00000000e0000000,0x00000000e5a00000,0x00000000e5a00000)
  from space 7168K, 94% used [0x00000000e7800000,0x00000000e7e96808,0x00000000e7f00000)
  to   space 10240K, 0% used [0x00000000e6b00000,0x00000000e6b00000,0x00000000e7500000)
 ParOldGen       total 52224K, used 9545K [0x00000000a0000000, 0x00000000a3300000, 0x00000000e0000000)
  object space 52224K, 18% used [0x00000000a0000000,0x00000000a0952610,0x00000000a3300000)
 Metaspace       used 33199K, capacity 33956K, committed 34304K, reserved 1079296K
  class space    used 4518K, capacity 4747K, committed 4864K, reserved 1048576K
Event: 10.978 GC heap after
Heap after GC invocations=10 (full 1):
 PSYoungGen      total 119808K, used 10215K [0x00000000e0000000, 0x00000000e9200000, 0x0000000100000000)
  eden space 109568K, 0% used [0x00000000e0000000,0x00000000e0000000,0x00000000e6b00000)
  from space 10240K, 99% used [0x00000000e6b00000,0x00000000e74f9cb8,0x00000000e7500000)
  to   space 11776K, 0% used [0x00000000e8680000,0x00000000e8680000,0x00000000e9200000)
 ParOldGen       total 52224K, used 10873K [0x00000000a0000000, 0x00000000a3300000, 0x00000000e0000000)
  object space 52224K, 20% used [0x00000000a0000000,0x00000000a0a9e650,0x00000000a3300000)
 Metaspace       used 33199K, capacity 33956K, committed 34304K, reserved 1079296K
  class space    used 4518K, capacity 4747K, committed 4864K, reserved 1048576K
}
Event: 11.629 GC heap before
{Heap before GC invocations=11 (full 1):
 PSYoungGen      total 119808K, used 52486K [0x00000000e0000000, 0x00000000e9200000, 0x0000000100000000)
  eden space 109568K, 38% used [0x00000000e0000000,0x00000000e2947e48,0x00000000e6b00000)
  from space 10240K, 99% used [0x00000000e6b00000,0x00000000e74f9cb8,0x00000000e7500000)
  to   space 11776K, 0% used [0x00000000e8680000,0x00000000e8680000,0x00000000e9200000)
 ParOldGen       total 52224K, used 10873K [0x00000000a0000000, 0x00000000a3300000, 0x00000000e0000000)
  object space 52224K, 20% used [0x00000000a0000000,0x00000000a0a9e650,0x00000000a3300000)
 Metaspace       used 34729K, capacity 35424K, committed 35496K, reserved 1079296K
  class space    used 4777K, capacity 4995K, committed 5032K, reserved 1048576K
Event: 11.643 GC heap after
Heap after GC invocations=11 (full 1):
 PSYoungGen      total 137728K, used 7484K [0x00000000e0000000, 0x00000000eac80000, 0x0000000100000000)
  eden space 125952K, 0% used [0x00000000e0000000,0x00000000e0000000,0x00000000e7b00000)
  from space 11776K, 63% used [0x00000000e8680000,0x00000000e8dcf018,0x00000000e9200000)
  to   space 11776K, 0% used [0x00000000e7b00000,0x00000000e7b00000,0x00000000e8680000)
 ParOldGen       total 52224K, used 13812K [0x00000000a0000000, 0x00000000a3300000, 0x00000000e0000000)
  object space 52224K, 26% used [0x00000000a0000000,0x00000000a0d7d1c0,0x00000000a3300000)
 Metaspace       used 34729K, capacity 35424K, committed 35496K, reserved 1079296K
  class space    used 4777K, capacity 4995K, committed 5032K, reserved 1048576K
}
Event: 11.643 GC heap before
{Heap before GC invocations=12 (full 2):
 PSYoungGen      total 137728K, used 7484K [0x00000000e0000000, 0x00000000eac80000, 0x0000000100000000)
  eden space 125952K, 0% used [0x00000000e0000000,0x00000000e0000000,0x00000000e7b00000)
  from space 11776K, 63% used [0x00000000e8680000,0x00000000e8dcf018,0x00000000e9200000)
  to   space 11776K, 0% used [0x00000000e7b00000,0x00000000e7b00000,0x00000000e8680000)
 ParOldGen       total 52224K, used 13812K [0x00000000a0000000, 0x00000000a3300000, 0x00000000e0000000)
  object space 52224K, 26% used [0x00000000a0000000,0x00000000a0d7d1c0,0x00000000a3300000)
 Metaspace       used 34729K, capacity 35424K, committed 35496K, reserved 1079296K
  class space    used 4777K, capacity 4995K, committed 5032K, reserved 1048576K
Event: 11.718 GC heap after
Heap after GC invocations=12 (full 2):
 PSYoungGen      total 137728K, used 0K [0x00000000e0000000, 0x00000000eac80000, 0x0000000100000000)
  eden space 125952K, 0% used [0x00000000e0000000,0x00000000e0000000,0x00000000e7b00000)
  from space 11776K, 0% used [0x00000000e8680000,0x00000000e8680000,0x00000000e9200000)
  to   space 11776K, 0% used [0x00000000e7b00000,0x00000000e7b00000,0x00000000e8680000)
 ParOldGen       total 79360K, used 17914K [0x00000000a0000000, 0x00000000a4d80000, 0x00000000e0000000)
  object space 79360K, 22% used [0x00000000a0000000,0x00000000a117e820,0x00000000a4d80000)
 Metaspace       used 34729K, capacity 35424K, committed 35496K, reserved 1079296K
  class space    used 4777K, capacity 4995K, committed 5032K, reserved 1048576K
}
Event: 15.085 GC heap before
{Heap before GC invocations=13 (full 2):
 PSYoungGen      total 137728K, used 125952K [0x00000000e0000000, 0x00000000eac80000, 0x0000000100000000)
  eden space 125952K, 100% used [0x00000000e0000000,0x00000000e7b00000,0x00000000e7b00000)
  from space 11776K, 0% used [0x00000000e8680000,0x00000000e8680000,0x00000000e9200000)
  to   space 11776K, 0% used [0x00000000e7b00000,0x00000000e7b00000,0x00000000e8680000)
 ParOldGen       total 79360K, used 17914K [0x00000000a0000000, 0x00000000a4d80000, 0x00000000e0000000)
  object space 79360K, 22% used [0x00000000a0000000,0x00000000a117e820,0x00000000a4d80000)
 Metaspace       used 45902K, capacity 47182K, committed 47272K, reserved 1089536K
  class space    used 6213K, capacity 6560K, committed 6568K, reserved 1048576K
Event: 15.109 GC heap after
Heap after GC invocations=13 (full 2):
 PSYoungGen      total 137728K, used 11746K [0x00000000e0000000, 0x00000000ebc80000, 0x0000000100000000)
  eden space 125952K, 0% used [0x00000000e0000000,0x00000000e0000000,0x00000000e7b00000)
  from space 11776K, 99% used [0x00000000e7b00000,0x00000000e8678818,0x00000000e8680000)
  to   space 14336K, 0% used [0x00000000eae80000,0x00000000eae80000,0x00000000ebc80000)
 ParOldGen       total 79360K, used 21871K [0x00000000a0000000, 0x00000000a4d80000, 0x00000000e0000000)
  object space 79360K, 27% used [0x00000000a0000000,0x00000000a155bd28,0x00000000a4d80000)
 Metaspace       used 45902K, capacity 47182K, committed 47272K, reserved 1089536K
  class space    used 6213K, capacity 6560K, committed 6568K, reserved 1048576K
}

